c:\users\monsterslab\desktop\server\libs\debug\servercore.pdb
c:\users\monsterslab\desktop\server\libs\debug\servercore.idb
c:\users\monsterslab\desktop\server\servercore\x64\debug\threadmanager.obj
c:\users\monsterslab\desktop\server\servercore\x64\debug\socketutils.obj
c:\users\monsterslab\desktop\server\servercore\x64\debug\memory.obj
c:\users\monsterslab\desktop\server\servercore\x64\debug\coretls.obj
c:\users\monsterslab\desktop\server\servercore\x64\debug\corepch.obj
c:\users\monsterslab\desktop\server\servercore\x64\debug\coreglobal.obj
c:\users\monsterslab\desktop\server\servercore\x64\debug\allocator.obj
c:\users\monsterslab\desktop\server\servercore\x64\debug\iocpevent.obj
c:\users\monsterslab\desktop\server\servercore\x64\debug\iocpcore.obj
c:\users\monsterslab\desktop\server\servercore\x64\debug\servercore.pch
c:\users\monsterslab\desktop\server\servercore\x64\debug\pch.obj
c:\users\monsterslab\desktop\server\servercore\x64\debug\listener.obj
c:\users\monsterslab\desktop\server\servercore\x64\debug\session.obj
c:\users\monsterslab\desktop\server\libs\debug\servercore.lib
c:\users\monsterslab\desktop\server\servercore\x64\debug\servercore.tlog\cl.command.1.tlog
c:\users\monsterslab\desktop\server\servercore\x64\debug\servercore.tlog\cl.items.tlog
c:\users\monsterslab\desktop\server\servercore\x64\debug\servercore.tlog\cl.read.1.tlog
c:\users\monsterslab\desktop\server\servercore\x64\debug\servercore.tlog\cl.write.1.tlog
c:\users\monsterslab\desktop\server\servercore\x64\debug\servercore.tlog\lib-link.read.1.tlog
c:\users\monsterslab\desktop\server\servercore\x64\debug\servercore.tlog\lib-link.write.1.tlog
c:\users\monsterslab\desktop\server\servercore\x64\debug\servercore.tlog\lib.command.1.tlog
